#-----------------------------------------------------------
# Vivado v2016.1 (64-bit)
# SW Build 1538259 on Fri Apr  8 15:45:23 MDT 2016
# IP Build 1537824 on Fri Apr  8 04:28:57 MDT 2016
# Start of session at: Thu May 11 12:42:32 2017
# Process ID: 22146
# Current directory: /home/INTRA/esmost/workspace/project/MIX_001/mix_001
# Command line: vivado
# Log file: /home/INTRA/esmost/workspace/project/MIX_001/mix_001/vivado.log
# Journal file: /home/INTRA/esmost/workspace/project/MIX_001/mix_001/vivado.jou
#-----------------------------------------------------------
start_gui
open_project /home/INTRA/esmost/workspace/project/MIX_001/mix_001/mix_001.xpr
INFO: [Project 1-313] Project file moved from '/home/INTRA/esmost/Documents/MIX_001/mix_001' since last save.
Scanning sources...
Finished scanning sources
INFO: [IP_Flow 19-234] Refreshing IP repositories
INFO: [IP_Flow 19-1700] Loaded user IP repository '/home/INTRA/esmost/workspace/project/MIX_001/ip_repo/Audio_Mixer'.
INFO: [IP_Flow 19-2313] Loaded Vivado IP repository '/cad/x_16/Vivado/2016.1/data/ip'.
update_compile_order -fileset sources_1
open_bd_design {/home/INTRA/esmost/workspace/project/MIX_001/mix_001/mix_001.srcs/sources_1/bd/design_1/design_1.bd}
Successfully read diagram <design_1> from BD file </home/INTRA/esmost/workspace/project/MIX_001/mix_001/mix_001.srcs/sources_1/bd/design_1/design_1.bd>
startgroup
create_bd_cell -type ip -vlnv xilinx.com:user:mixer:1.0 mixer_0
endgroup
save_bd_design
Wrote  : </home/INTRA/esmost/workspace/project/MIX_001/mix_001/mix_001.srcs/sources_1/bd/design_1/design_1.bd> 
exit
INFO: [Common 17-206] Exiting Vivado at Thu May 11 12:43:25 2017...
