#-----------------------------------------------------------
# Webtalk v2016.1 (64-bit)
# SW Build 1538259 on Fri Apr  8 15:45:23 MDT 2016
# 
# Start of session at: Thu May 11 10:22:43 2017
# Process ID: 23401
# Current directory: /home/INTRA/esmost/workspace/project/vivado/project_Audio/project_Audio.sdk/webtalk
# Command line: wbtcv -mode batch -source sdk_webtalk.tcl
# Log file: /home/INTRA/esmost/workspace/project/vivado/project_Audio/project_Audio.sdk/webtalk/webtalk.log
# Journal file: /home/INTRA/esmost/workspace/project/vivado/project_Audio/project_Audio.sdk/webtalk/webtalk.jou
#-----------------------------------------------------------
source sdk_webtalk.tcl
# webtalk_init -webtalk_dir /home/INTRA/esmost/workspace/project/vivado/project_Audio/project_Audio.sdk/webtalk
# webtalk_register_client -client project
# webtalk_add_data -client project -key date_generated -value "Thu May 11 10:22:43 2017" -context "software_version_and_target_device"
# webtalk_add_data -client project -key product_version -value "SDK v2016.1" -context "software_version_and_target_device"
# webtalk_add_data -client project -key build_version -value "2016.1" -context "software_version_and_target_device"
# webtalk_add_data -client project -key os_platform -value "amd64" -context "software_version_and_target_device"
# webtalk_add_data -client project -key registration_id -value "" -context "software_version_and_target_device"
# webtalk_add_data -client project -key tool_flow -value "SDK" -context "software_version_and_target_device"
# webtalk_add_data -client project -key beta -value "false" -context "software_version_and_target_device"
# webtalk_add_data -client project -key route_design -value "NA" -context "software_version_and_target_device"
# webtalk_add_data -client project -key target_family -value "NA" -context "software_version_and_target_device"
# webtalk_add_data -client project -key target_device -value "NA" -context "software_version_and_target_device"
# webtalk_add_data -client project -key target_package -value "NA" -context "software_version_and_target_device"
# webtalk_add_data -client project -key target_speed -value "NA" -context "software_version_and_target_device"
# webtalk_add_data -client project -key random_id -value "e4dj59l4qqrvnn09q4uid0k2le" -context "software_version_and_target_device"
# webtalk_add_data -client project -key project_id -value "2016.1_2" -context "software_version_and_target_device"
# webtalk_add_data -client project -key project_iteration -value "2" -context "software_version_and_target_device"
# webtalk_add_data -client project -key os_name -value "" -context "user_environment"
# webtalk_add_data -client project -key os_release -value "" -context "user_environment"
# webtalk_add_data -client project -key cpu_name -value "" -context "user_environment"
# webtalk_add_data -client project -key cpu_speed -value "" -context "user_environment"
# webtalk_add_data -client project -key total_processors -value "" -context "user_environment"
# webtalk_add_data -client project -key system_ram -value "" -context "user_environment"
# webtalk_register_client -client sdk
# webtalk_add_data -client sdk -key uid -value "1494486402000" -context "sdk\\\\bsp/1494486402000"
# webtalk_add_data -client sdk -key hwid -value "1493882582000" -context "sdk\\\\bsp/1494486402000"
# webtalk_add_data -client sdk -key os -value "standalone" -context "sdk\\\\bsp/1494486402000"
# webtalk_add_data -client sdk -key apptemplate -value "hello_world" -context "sdk\\\\bsp/1494486402000"
# webtalk_add_data -client sdk -key uid -value "1494486403000" -context "sdk\\\\application/1494486403000"
# webtalk_add_data -client sdk -key hwid -value "1493882582000" -context "sdk\\\\application/1494486403000"
# webtalk_add_data -client sdk -key bspid -value "1494486402000" -context "sdk\\\\application/1494486403000"
# webtalk_add_data -client sdk -key newbsp -value "true" -context "sdk\\\\application/1494486403000"
# webtalk_add_data -client sdk -key os -value "standalone" -context "sdk\\\\application/1494486403000"
# webtalk_add_data -client sdk -key apptemplate -value "hello_world" -context "sdk\\\\application/1494486403000"
# webtalk_transmit -clientid 1599690338 -regid "" -xml /home/INTRA/esmost/workspace/project/vivado/project_Audio/project_Audio.sdk/webtalk/usage_statistics_ext_sdk.xml -html /home/INTRA/esmost/workspace/project/vivado/project_Audio/project_Audio.sdk/webtalk/usage_statistics_ext_sdk.html -wdm /home/INTRA/esmost/workspace/project/vivado/project_Audio/project_Audio.sdk/webtalk/sdk_webtalk.wdm -intro "<H3>SDK Usage Report</H3><BR>"
# webtalk_terminate
INFO: [Common 17-206] Exiting Webtalk at Thu May 11 10:22:43 2017...
