#-----------------------------------------------------------
# Webtalk v2016.1 (64-bit)
# SW Build 1538259 on Fri Apr  8 15:45:23 MDT 2016
# 
# Start of session at: Thu May 11 14:13:34 2017
# Process ID: 5584
# Current directory: /home/INTRA/esmost/workspace/project/vivado/project_Audio/project_Audio.sdk/webtalk
# Command line: wbtcv -mode batch -source sdk_webtalk.tcl
# Log file: /home/INTRA/esmost/workspace/project/vivado/project_Audio/project_Audio.sdk/webtalk/webtalk.log
# Journal file: /home/INTRA/esmost/workspace/project/vivado/project_Audio/project_Audio.sdk/webtalk/webtalk.jou
#-----------------------------------------------------------
source sdk_webtalk.tcl
# webtalk_init -webtalk_dir /home/INTRA/esmost/workspace/project/vivado/project_Audio/project_Audio.sdk/webtalk
# webtalk_register_client -client project
# webtalk_add_data -client project -key date_generated -value "Thu May 11 14:13:34 2017" -context "software_version_and_target_device"
# webtalk_add_data -client project -key product_version -value "SDK v2016.1" -context "software_version_and_target_device"
# webtalk_add_data -client project -key build_version -value "2016.1" -context "software_version_and_target_device"
# webtalk_add_data -client project -key os_platform -value "amd64" -context "software_version_and_target_device"
# webtalk_add_data -client project -key registration_id -value "" -context "software_version_and_target_device"
# webtalk_add_data -client project -key tool_flow -value "SDK" -context "software_version_and_target_device"
# webtalk_add_data -client project -key beta -value "false" -context "software_version_and_target_device"
# webtalk_add_data -client project -key route_design -value "NA" -context "software_version_and_target_device"
# webtalk_add_data -client project -key target_family -value "NA" -context "software_version_and_target_device"
# webtalk_add_data -client project -key target_device -value "NA" -context "software_version_and_target_device"
# webtalk_add_data -client project -key target_package -value "NA" -context "software_version_and_target_device"
# webtalk_add_data -client project -key target_speed -value "NA" -context "software_version_and_target_device"
# webtalk_add_data -client project -key random_id -value "6nt76bj9mg27m9hfpnm16oeeja" -context "software_version_and_target_device"
# webtalk_add_data -client project -key project_id -value "2016.1_5" -context "software_version_and_target_device"
# webtalk_add_data -client project -key project_iteration -value "5" -context "software_version_and_target_device"
# webtalk_add_data -client project -key os_name -value "" -context "user_environment"
# webtalk_add_data -client project -key os_release -value "" -context "user_environment"
# webtalk_add_data -client project -key cpu_name -value "" -context "user_environment"
# webtalk_add_data -client project -key cpu_speed -value "" -context "user_environment"
# webtalk_add_data -client project -key total_processors -value "" -context "user_environment"
# webtalk_add_data -client project -key system_ram -value "" -context "user_environment"
# webtalk_register_client -client sdk
# webtalk_add_data -client sdk -key uid -value "1494497386000" -context "sdk\\\\bsp/1494497386000"
# webtalk_add_data -client sdk -key hwid -value "1494487392000" -context "sdk\\\\bsp/1494497386000"
# webtalk_add_data -client sdk -key os -value "standalone" -context "sdk\\\\bsp/1494497386000"
# webtalk_add_data -client sdk -key apptemplate -value "zynq_fsbl" -context "sdk\\\\bsp/1494497386000"
# webtalk_add_data -client sdk -key uid -value "1494497399000" -context "sdk\\\\application/1494497399000"
# webtalk_add_data -client sdk -key hwid -value "1494487392000" -context "sdk\\\\application/1494497399000"
# webtalk_add_data -client sdk -key bspid -value "1494497386000" -context "sdk\\\\application/1494497399000"
# webtalk_add_data -client sdk -key newbsp -value "true" -context "sdk\\\\application/1494497399000"
# webtalk_add_data -client sdk -key os -value "standalone" -context "sdk\\\\application/1494497399000"
# webtalk_add_data -client sdk -key apptemplate -value "zynq_fsbl" -context "sdk\\\\application/1494497399000"
# webtalk_add_data -client sdk -key uid -value "1494497516000" -context "sdk\\\\bsp/1494497516000"
# webtalk_add_data -client sdk -key hwid -value "1494487392000" -context "sdk\\\\bsp/1494497516000"
# webtalk_add_data -client sdk -key os -value "standalone" -context "sdk\\\\bsp/1494497516000"
# webtalk_add_data -client sdk -key apptemplate -value "zynq_fsbl" -context "sdk\\\\bsp/1494497516000"
# webtalk_add_data -client sdk -key uid -value "1494497529000" -context "sdk\\\\application/1494497529000"
# webtalk_add_data -client sdk -key hwid -value "1494487392000" -context "sdk\\\\application/1494497529000"
# webtalk_add_data -client sdk -key bspid -value "1494497516000" -context "sdk\\\\application/1494497529000"
# webtalk_add_data -client sdk -key newbsp -value "true" -context "sdk\\\\application/1494497529000"
# webtalk_add_data -client sdk -key os -value "standalone" -context "sdk\\\\application/1494497529000"
# webtalk_add_data -client sdk -key apptemplate -value "zynq_fsbl" -context "sdk\\\\application/1494497529000"
# webtalk_add_data -client sdk -key uid -value "1494497725000" -context "sdk\\\\bsp/1494497725000"
# webtalk_add_data -client sdk -key hwid -value "1494487392000" -context "sdk\\\\bsp/1494497725000"
# webtalk_add_data -client sdk -key os -value "standalone" -context "sdk\\\\bsp/1494497725000"
# webtalk_add_data -client sdk -key apptemplate -value "zynq_fsbl" -context "sdk\\\\bsp/1494497725000"
# webtalk_add_data -client sdk -key uid -value "1494497737000" -context "sdk\\\\application/1494497737000"
# webtalk_add_data -client sdk -key hwid -value "1494487392000" -context "sdk\\\\application/1494497737000"
# webtalk_add_data -client sdk -key bspid -value "1494497725000" -context "sdk\\\\application/1494497737000"
# webtalk_add_data -client sdk -key newbsp -value "true" -context "sdk\\\\application/1494497737000"
# webtalk_add_data -client sdk -key os -value "standalone" -context "sdk\\\\application/1494497737000"
# webtalk_add_data -client sdk -key apptemplate -value "zynq_fsbl" -context "sdk\\\\application/1494497737000"
# webtalk_add_data -client sdk -key uid -value "1494497898000" -context "sdk\\\\bsp/1494497898000"
# webtalk_add_data -client sdk -key hwid -value "1494487392000" -context "sdk\\\\bsp/1494497898000"
# webtalk_add_data -client sdk -key os -value "standalone" -context "sdk\\\\bsp/1494497898000"
# webtalk_add_data -client sdk -key apptemplate -value "zynq_fsbl" -context "sdk\\\\bsp/1494497898000"
# webtalk_add_data -client sdk -key uid -value "1494497910000" -context "sdk\\\\application/1494497910000"
# webtalk_add_data -client sdk -key hwid -value "1494487392000" -context "sdk\\\\application/1494497910000"
# webtalk_add_data -client sdk -key bspid -value "1494497898000" -context "sdk\\\\application/1494497910000"
# webtalk_add_data -client sdk -key newbsp -value "true" -context "sdk\\\\application/1494497910000"
# webtalk_add_data -client sdk -key os -value "standalone" -context "sdk\\\\application/1494497910000"
# webtalk_add_data -client sdk -key apptemplate -value "zynq_fsbl" -context "sdk\\\\application/1494497910000"
# webtalk_add_data -client sdk -key uid -value "1494498480000" -context "sdk\\\\bsp/1494498480000"
# webtalk_add_data -client sdk -key hwid -value "1494487392000" -context "sdk\\\\bsp/1494498480000"
# webtalk_add_data -client sdk -key os -value "standalone" -context "sdk\\\\bsp/1494498480000"
# webtalk_add_data -client sdk -key apptemplate -value "zynq_fsbl" -context "sdk\\\\bsp/1494498480000"
# webtalk_add_data -client sdk -key uid -value "1494498492000" -context "sdk\\\\application/1494498492000"
# webtalk_add_data -client sdk -key hwid -value "1494487392000" -context "sdk\\\\application/1494498492000"
# webtalk_add_data -client sdk -key bspid -value "1494498480000" -context "sdk\\\\application/1494498492000"
# webtalk_add_data -client sdk -key newbsp -value "true" -context "sdk\\\\application/1494498492000"
# webtalk_add_data -client sdk -key os -value "standalone" -context "sdk\\\\application/1494498492000"
# webtalk_add_data -client sdk -key apptemplate -value "zynq_fsbl" -context "sdk\\\\application/1494498492000"
# webtalk_add_data -client sdk -key uid -value "1494498685000" -context "sdk\\\\bsp/1494498685000"
# webtalk_add_data -client sdk -key hwid -value "1494487392000" -context "sdk\\\\bsp/1494498685000"
# webtalk_add_data -client sdk -key os -value "standalone" -context "sdk\\\\bsp/1494498685000"
# webtalk_add_data -client sdk -key apptemplate -value "zynq_fsbl" -context "sdk\\\\bsp/1494498685000"
# webtalk_add_data -client sdk -key uid -value "1494498697000" -context "sdk\\\\application/1494498697000"
# webtalk_add_data -client sdk -key hwid -value "1494487392000" -context "sdk\\\\application/1494498697000"
# webtalk_add_data -client sdk -key bspid -value "1494498685000" -context "sdk\\\\application/1494498697000"
# webtalk_add_data -client sdk -key newbsp -value "true" -context "sdk\\\\application/1494498697000"
# webtalk_add_data -client sdk -key os -value "standalone" -context "sdk\\\\application/1494498697000"
# webtalk_add_data -client sdk -key apptemplate -value "zynq_fsbl" -context "sdk\\\\application/1494498697000"
# webtalk_add_data -client sdk -key uid -value "1494498775000" -context "sdk\\\\bsp/1494498775000"
# webtalk_add_data -client sdk -key hwid -value "1494487392000" -context "sdk\\\\bsp/1494498775000"
# webtalk_add_data -client sdk -key os -value "standalone" -context "sdk\\\\bsp/1494498775000"
# webtalk_add_data -client sdk -key apptemplate -value "zynq_fsbl" -context "sdk\\\\bsp/1494498775000"
# webtalk_add_data -client sdk -key uid -value "1494498788000" -context "sdk\\\\application/1494498788000"
# webtalk_add_data -client sdk -key hwid -value "1494487392000" -context "sdk\\\\application/1494498788000"
# webtalk_add_data -client sdk -key bspid -value "1494498775000" -context "sdk\\\\application/1494498788000"
# webtalk_add_data -client sdk -key newbsp -value "true" -context "sdk\\\\application/1494498788000"
# webtalk_add_data -client sdk -key os -value "standalone" -context "sdk\\\\application/1494498788000"
# webtalk_add_data -client sdk -key apptemplate -value "zynq_fsbl" -context "sdk\\\\application/1494498788000"
# webtalk_add_data -client sdk -key uid -value "1494499520000" -context "sdk\\\\bsp/1494499520000"
# webtalk_add_data -client sdk -key hwid -value "1494487392000" -context "sdk\\\\bsp/1494499520000"
# webtalk_add_data -client sdk -key os -value "standalone" -context "sdk\\\\bsp/1494499520000"
# webtalk_add_data -client sdk -key apptemplate -value "hello_world" -context "sdk\\\\bsp/1494499520000"
# webtalk_add_data -client sdk -key uid -value "1494499521000" -context "sdk\\\\application/1494499521000"
# webtalk_add_data -client sdk -key hwid -value "1494487392000" -context "sdk\\\\application/1494499521000"
# webtalk_add_data -client sdk -key bspid -value "1494499520000" -context "sdk\\\\application/1494499521000"
# webtalk_add_data -client sdk -key newbsp -value "true" -context "sdk\\\\application/1494499521000"
# webtalk_add_data -client sdk -key os -value "standalone" -context "sdk\\\\application/1494499521000"
# webtalk_add_data -client sdk -key apptemplate -value "hello_world" -context "sdk\\\\application/1494499521000"
# webtalk_transmit -clientid 2507608954 -regid "" -xml /home/INTRA/esmost/workspace/project/vivado/project_Audio/project_Audio.sdk/webtalk/usage_statistics_ext_sdk.xml -html /home/INTRA/esmost/workspace/project/vivado/project_Audio/project_Audio.sdk/webtalk/usage_statistics_ext_sdk.html -wdm /home/INTRA/esmost/workspace/project/vivado/project_Audio/project_Audio.sdk/webtalk/sdk_webtalk.wdm -intro "<H3>SDK Usage Report</H3><BR>"
# webtalk_terminate
INFO: [Common 17-206] Exiting Webtalk at Thu May 11 14:13:35 2017...
