#-----------------------------------------------------------
# Vivado v2016.1 (64-bit)
# SW Build 1538259 on Fri Apr  8 15:45:23 MDT 2016
# IP Build 1537824 on Fri Apr  8 04:28:57 MDT 2016
# Start of session at: Tue May  9 12:48:01 2017
# Process ID: 25695
# Current directory: /home/INTRA/esmost/workspace/project/vivado
# Command line: vivado
# Log file: /home/INTRA/esmost/workspace/project/vivado/vivado.log
# Journal file: /home/INTRA/esmost/workspace/project/vivado/vivado.jou
#-----------------------------------------------------------
start_gui
open_project /home/INTRA/esmost/workspace/project/vivado/project_Audio/project_Audio.xpr
INFO: [Project 1-313] Project file moved from '/home/INTRA/esmost/workspace/vivado/project_Audio' since last save.
Scanning sources...
Finished scanning sources
INFO: [IP_Flow 19-234] Refreshing IP repositories
INFO: [IP_Flow 19-1700] Loaded user IP repository '/home/INTRA/esmost/workspace/project/audioip_lab4'.
INFO: [IP_Flow 19-1700] Loaded user IP repository '/home/INTRA/esmost/workspace/project/vivado/ip_repo/myip_1.0'.
WARNING: [IP_Flow 19-3685] Ignored loading user repository '/home/INTRA/esmost/workspace/project/audioip_lab4/zedboard_audio'. The path is contained within another repository.
INFO: [IP_Flow 19-2313] Loaded Vivado IP repository '/cad/x_16/Vivado/2016.1/data/ip'.
open_project: Time (s): cpu = 00:00:16 ; elapsed = 00:00:06 . Memory (MB): peak = 5869.734 ; gain = 112.293 ; free physical = 4104 ; free virtual = 7569
update_compile_order -fileset sources_1
file copy -force /home/INTRA/esmost/workspace/project/vivado/project_Audio/project_Audio.runs/impl_1/Audio_wrapper.sysdef /home/INTRA/esmost/workspace/project/vivado/project_Audio/project_Audio.sdk/Audio_wrapper.hdf

launch_sdk -workspace /home/INTRA/esmost/workspace/project/vivado/project_Audio/project_Audio.sdk -hwspec /home/INTRA/esmost/workspace/project/vivado/project_Audio/project_Audio.sdk/Audio_wrapper.hdf
INFO: [Vivado 12-393] Launching SDK...
INFO: [Vivado 12-417] Running xsdk -workspace /home/INTRA/esmost/workspace/project/vivado/project_Audio/project_Audio.sdk -hwspec /home/INTRA/esmost/workspace/project/vivado/project_Audio/project_Audio.sdk/Audio_wrapper.hdf
INFO: [Vivado 12-3157] SDK launch initiated. Please check console for any further messages.
launch_sdk -workspace /home/INTRA/esmost/workspace/project/vivado/project_Audio/project_Audio.sdk -hwspec /home/INTRA/esmost/workspace/project/vivado/project_Audio/project_Audio.sdk/Audio_wrapper.hdf
INFO: [Vivado 12-393] Launching SDK...
INFO: [Vivado 12-417] Running xsdk -workspace /home/INTRA/esmost/workspace/project/vivado/project_Audio/project_Audio.sdk -hwspec /home/INTRA/esmost/workspace/project/vivado/project_Audio/project_Audio.sdk/Audio_wrapper.hdf
INFO: [Vivado 12-3157] SDK launch initiated. Please check console for any further messages.
open_bd_design {/home/INTRA/esmost/workspace/project/vivado/project_Audio/project_Audio.srcs/sources_1/bd/Audio/Audio.bd}
Adding cell -- xilinx.com:ip:processing_system7:5.5 - processing_system7_0
Adding cell -- xilinx.com:ip:proc_sys_reset:5.0 - rst_processing_system7_0_100M
Adding cell -- xilinx.com:user:audio_zed:1.0 - audio_zed_0
Adding cell -- xilinx.com:ip:xlconstant:1.1 - xlconstant_0
Adding cell -- xilinx.com:user:myip:1.0 - myip_0
Adding cell -- xilinx.com:ip:axi_protocol_converter:2.1 - auto_pc
Successfully read diagram <Audio> from BD file </home/INTRA/esmost/workspace/project/vivado/project_Audio/project_Audio.srcs/sources_1/bd/Audio/Audio.bd>
exit
INFO: [Common 17-206] Exiting Vivado at Tue May  9 16:05:05 2017...
