#-----------------------------------------------------------
# Vivado v2016.1 (64-bit)
# SW Build 1538259 on Fri Apr  8 15:45:23 MDT 2016
# IP Build 1537824 on Fri Apr  8 04:28:57 MDT 2016
# Start of session at: Tue May  9 12:43:10 2017
# Process ID: 25391
# Current directory: /home/INTRA/esmost/workspace/vivado
# Command line: vivado
# Log file: /home/INTRA/esmost/workspace/vivado/vivado.log
# Journal file: /home/INTRA/esmost/workspace/vivado/vivado.jou
#-----------------------------------------------------------
start_gui
open_project /home/INTRA/esmost/workspace/vivado/project_Audio/project_Audio.xpr
Scanning sources...
Finished scanning sources
INFO: [IP_Flow 19-234] Refreshing IP repositories
INFO: [IP_Flow 19-1700] Loaded user IP repository '/home/INTRA/esmost/workspace/audioip_lab4'.
INFO: [IP_Flow 19-1700] Loaded user IP repository '/home/INTRA/esmost/workspace/vivado/ip_repo/myip_1.0'.
WARNING: [IP_Flow 19-3685] Ignored loading user repository '/home/INTRA/esmost/workspace/audioip_lab4/zedboard_audio'. The path is contained within another repository.
INFO: [IP_Flow 19-2313] Loaded Vivado IP repository '/cad/x_16/Vivado/2016.1/data/ip'.
open_project: Time (s): cpu = 00:00:17 ; elapsed = 00:00:07 . Memory (MB): peak = 5870.332 ; gain = 110.895 ; free physical = 3956 ; free virtual = 7520
update_compile_order -fileset sources_1
exit
INFO: [Common 17-206] Exiting Vivado at Tue May  9 12:47:30 2017...
