#-----------------------------------------------------------
# Vivado v2016.1 (64-bit)
# SW Build 1538259 on Fri Apr  8 15:45:23 MDT 2016
# IP Build 1537824 on Fri Apr  8 04:28:57 MDT 2016
# Start of session at: Thu May 11 08:56:33 2017
# Process ID: 6535
# Current directory: /home/INTRA/esmost/workspace/project/vivado
# Command line: vivado
# Log file: /home/INTRA/esmost/workspace/project/vivado/vivado.log
# Journal file: /home/INTRA/esmost/workspace/project/vivado/vivado.jou
#-----------------------------------------------------------
start_gui
open_project /home/INTRA/esmost/workspace/project/vivado/project_Audio/project_Audio.xpr
Scanning sources...
Finished scanning sources
INFO: [IP_Flow 19-234] Refreshing IP repositories
INFO: [IP_Flow 19-1700] Loaded user IP repository '/home/INTRA/esmost/workspace/project/audioip_lab4'.
INFO: [IP_Flow 19-1700] Loaded user IP repository '/home/INTRA/esmost/workspace/project/vivado/ip_repo/myip_1.0'.
WARNING: [IP_Flow 19-3685] Ignored loading user repository '/home/INTRA/esmost/workspace/project/audioip_lab4/zedboard_audio'. The path is contained within another repository.
INFO: [IP_Flow 19-2313] Loaded Vivado IP repository '/cad/x_16/Vivado/2016.1/data/ip'.
open_project: Time (s): cpu = 00:00:16 ; elapsed = 00:00:07 . Memory (MB): peak = 5877.230 ; gain = 123.934 ; free physical = 4711 ; free virtual = 7670
update_compile_order -fileset sources_1
open_bd_design {/home/INTRA/esmost/workspace/project/vivado/project_Audio/project_Audio.srcs/sources_1/bd/Audio/Audio.bd}
Adding cell -- xilinx.com:ip:processing_system7:5.5 - processing_system7_0
Adding cell -- xilinx.com:ip:proc_sys_reset:5.0 - rst_processing_system7_0_100M
Adding cell -- xilinx.com:user:audio_zed:1.0 - audio_zed_0
Adding cell -- xilinx.com:ip:xlconstant:1.1 - xlconstant_0
Adding cell -- xilinx.com:user:myip:1.0 - myip_0
Adding cell -- xilinx.com:ip:axi_protocol_converter:2.1 - auto_pc
Successfully read diagram <Audio> from BD file </home/INTRA/esmost/workspace/project/vivado/project_Audio/project_Audio.srcs/sources_1/bd/Audio/Audio.bd>
set_property  ip_repo_paths  {/home/INTRA/esmost/workspace/project/audioip_lab4 /home/INTRA/esmost/workspace/project/repo/FILTER_IIR_1.0 /home/INTRA/esmost/workspace/project/repo/Volume_Pregain_1.0 /home/INTRA/esmost/workspace/project/vivado/ip_repo/myip_1.0 /home/INTRA/esmost/workspace/project/audioip_lab4/zedboard_audio} [current_project]
update_ip_catalog
INFO: [IP_Flow 19-234] Refreshing IP repositories
INFO: [IP_Flow 19-1700] Loaded user IP repository '/home/INTRA/esmost/workspace/project/audioip_lab4'.
INFO: [IP_Flow 19-1700] Loaded user IP repository '/home/INTRA/esmost/workspace/project/repo/FILTER_IIR_1.0'.
INFO: [IP_Flow 19-1700] Loaded user IP repository '/home/INTRA/esmost/workspace/project/repo/Volume_Pregain_1.0'.
INFO: [IP_Flow 19-1700] Loaded user IP repository '/home/INTRA/esmost/workspace/project/vivado/ip_repo/myip_1.0'.
WARNING: [IP_Flow 19-3685] Ignored loading user repository '/home/INTRA/esmost/workspace/project/audioip_lab4/zedboard_audio'. The path is contained within another repository.
disconnect_bd_net /myip_0_Audio_IP_output [get_bd_pins audio_zed_0/hphone_l]
delete_bd_objs [get_bd_nets myip_0_Audio_IP_output]
connect_bd_net [get_bd_pins audio_zed_0/line_in_l] [get_bd_pins audio_zed_0/hphone_l]
connect_bd_net [get_bd_pins audio_zed_0/line_in_r] [get_bd_pins audio_zed_0/hphone_r]
validate_bd_design
INFO: [Ipptcl 7-1463] No Compatible Board Interface found. Board Tab not created in customize GUI
save_bd_design
Wrote  : </home/INTRA/esmost/workspace/project/vivado/project_Audio/project_Audio.srcs/sources_1/bd/Audio/Audio.bd> 
reset_run synth_1
launch_runs impl_1 -to_step write_bitstream
INFO: [BD 41-1662] The design 'Audio.bd' is already validated. Therefore parameter propagation will not be re-run.
VHDL Output written to : /home/INTRA/esmost/workspace/project/vivado/project_Audio/project_Audio.srcs/sources_1/bd/Audio/hdl/Audio.vhd
VHDL Output written to : /home/INTRA/esmost/workspace/project/vivado/project_Audio/project_Audio.srcs/sources_1/bd/Audio/hdl/Audio_wrapper.vhd
Wrote  : </home/INTRA/esmost/workspace/project/vivado/project_Audio/project_Audio.srcs/sources_1/bd/Audio/Audio.bd> 
WARNING: [xilinx.com:ip:processing_system7:5.5-1] Audio_processing_system7_0_0: The Zynq BFM requires an AXI BFM license to run. Please ensure that you have purchased and setup the AXI BFM license prior to running simulation with this block. Please contact your Xilinx sales office for more information on purchasing this license
INFO: [BD 41-1029] Generation completed for the IP Integrator block processing_system7_0 .
INFO: [BD 41-1029] Generation completed for the IP Integrator block rst_processing_system7_0_100M .
INFO: [BD 41-1029] Generation completed for the IP Integrator block myip_0 .
INFO: [BD 41-1029] Generation completed for the IP Integrator block audio_zed_0 .
INFO: [BD 41-1029] Generation completed for the IP Integrator block xlconstant_0 .
INFO: [BD 41-1029] Generation completed for the IP Integrator block processing_system7_0_axi_periph/s00_couplers/auto_pc .
Exporting to file /home/INTRA/esmost/workspace/project/vivado/project_Audio/project_Audio.srcs/sources_1/bd/Audio/hw_handoff/Audio.hwh
Generated Block Design Tcl file /home/INTRA/esmost/workspace/project/vivado/project_Audio/project_Audio.srcs/sources_1/bd/Audio/hw_handoff/Audio_bd.tcl
Generated Hardware Definition File /home/INTRA/esmost/workspace/project/vivado/project_Audio/project_Audio.srcs/sources_1/bd/Audio/hdl/Audio.hwdef
[Thu May 11 09:32:58 2017] Launched synth_1...
Run output will be captured here: /home/INTRA/esmost/workspace/project/vivado/project_Audio/project_Audio.runs/synth_1/runme.log
[Thu May 11 09:32:58 2017] Launched impl_1...
Run output will be captured here: /home/INTRA/esmost/workspace/project/vivado/project_Audio/project_Audio.runs/impl_1/runme.log
launch_runs: Time (s): cpu = 00:00:22 ; elapsed = 00:00:19 . Memory (MB): peak = 6081.867 ; gain = 73.086 ; free physical = 3327 ; free virtual = 7204
file copy -force /home/INTRA/esmost/workspace/project/vivado/project_Audio/project_Audio.runs/impl_1/Audio_wrapper.sysdef /home/INTRA/esmost/workspace/project/vivado/project_Audio/project_Audio.sdk/Audio_wrapper.hdf

launch_sdk -workspace /home/INTRA/esmost/workspace/project/vivado/project_Audio/project_Audio.sdk -hwspec /home/INTRA/esmost/workspace/project/vivado/project_Audio/project_Audio.sdk/Audio_wrapper.hdf
INFO: [Vivado 12-393] Launching SDK...
INFO: [Vivado 12-417] Running xsdk -workspace /home/INTRA/esmost/workspace/project/vivado/project_Audio/project_Audio.sdk -hwspec /home/INTRA/esmost/workspace/project/vivado/project_Audio/project_Audio.sdk/Audio_wrapper.hdf
INFO: [Vivado 12-3157] SDK launch initiated. Please check console for any further messages.
launch_sdk -workspace /home/INTRA/esmost/workspace/project/vivado/project_Audio/project_Audio.sdk -hwspec /home/INTRA/esmost/workspace/project/vivado/project_Audio/project_Audio.sdk/Audio_wrapper.hdf
INFO: [Vivado 12-393] Launching SDK...
INFO: [Vivado 12-417] Running xsdk -workspace /home/INTRA/esmost/workspace/project/vivado/project_Audio/project_Audio.sdk -hwspec /home/INTRA/esmost/workspace/project/vivado/project_Audio/project_Audio.sdk/Audio_wrapper.hdf
INFO: [Vivado 12-3157] SDK launch initiated. Please check console for any further messages.
file copy -force /home/INTRA/esmost/workspace/project/vivado/project_Audio/project_Audio.runs/impl_1/Audio_wrapper.sysdef /home/INTRA/esmost/workspace/project/vivado/project_Audio/project_Audio.sdk/Audio_wrapper.hdf

launch_sdk -workspace /home/INTRA/esmost/workspace/project/vivado/project_Audio/project_Audio.sdk -hwspec /home/INTRA/esmost/workspace/project/vivado/project_Audio/project_Audio.sdk/Audio_wrapper.hdf
INFO: [Vivado 12-393] Launching SDK...
INFO: [Vivado 12-417] Running xsdk -workspace /home/INTRA/esmost/workspace/project/vivado/project_Audio/project_Audio.sdk -hwspec /home/INTRA/esmost/workspace/project/vivado/project_Audio/project_Audio.sdk/Audio_wrapper.hdf
INFO: [Vivado 12-3157] SDK launch initiated. Please check console for any further messages.
file copy -force /home/INTRA/esmost/workspace/project/vivado/project_Audio/project_Audio.runs/impl_1/Audio_wrapper.sysdef /home/INTRA/esmost/workspace/project/vivado/project_Audio/project_Audio.sdk/Audio_wrapper.hdf

launch_sdk -workspace /home/INTRA/esmost/workspace/project/vivado/project_Audio/project_Audio.sdk -hwspec /home/INTRA/esmost/workspace/project/vivado/project_Audio/project_Audio.sdk/Audio_wrapper.hdf
INFO: [Vivado 12-393] Launching SDK...
INFO: [Vivado 12-417] Running xsdk -workspace /home/INTRA/esmost/workspace/project/vivado/project_Audio/project_Audio.sdk -hwspec /home/INTRA/esmost/workspace/project/vivado/project_Audio/project_Audio.sdk/Audio_wrapper.hdf
INFO: [Vivado 12-3157] SDK launch initiated. Please check console for any further messages.
file copy -force /home/INTRA/esmost/workspace/project/vivado/project_Audio/project_Audio.runs/impl_1/Audio_wrapper.sysdef /home/INTRA/esmost/workspace/project/vivado/project_Audio/project_Audio.sdk/Audio_wrapper.hdf

launch_sdk -workspace /home/INTRA/esmost/workspace/project/vivado/project_Audio/project_Audio.sdk -hwspec /home/INTRA/esmost/workspace/project/vivado/project_Audio/project_Audio.sdk/Audio_wrapper.hdf
INFO: [Vivado 12-393] Launching SDK...
INFO: [Vivado 12-417] Running xsdk -workspace /home/INTRA/esmost/workspace/project/vivado/project_Audio/project_Audio.sdk -hwspec /home/INTRA/esmost/workspace/project/vivado/project_Audio/project_Audio.sdk/Audio_wrapper.hdf
INFO: [Vivado 12-3157] SDK launch initiated. Please check console for any further messages.
regenerate_bd_layout
save_bd_design
file copy -force /home/INTRA/esmost/workspace/project/vivado/project_Audio/project_Audio.runs/impl_1/Audio_wrapper.sysdef /home/INTRA/esmost/workspace/project/vivado/project_Audio/project_Audio.sdk/Audio_wrapper.hdf

validate_bd_design -force
INFO: [Vivado 12-4158] Exported Hardware file is out of date. Exported hardware information may be inconsistent with respect to the current state of the design. It is recommended that you re-export the design and launch SDK otherwise SDK is launched with out of date hardware system file.
generate_target all [get_files  /home/INTRA/esmost/workspace/project/vivado/project_Audio/project_Audio.srcs/sources_1/bd/Audio/Audio.bd]
INFO: [BD 41-1662] The design 'Audio.bd' is already validated. Therefore parameter propagation will not be re-run.
VHDL Output written to : /home/INTRA/esmost/workspace/project/vivado/project_Audio/project_Audio.srcs/sources_1/bd/Audio/hdl/Audio.vhd
VHDL Output written to : /home/INTRA/esmost/workspace/project/vivado/project_Audio/project_Audio.srcs/sources_1/bd/Audio/hdl/Audio_wrapper.vhd
Wrote  : </home/INTRA/esmost/workspace/project/vivado/project_Audio/project_Audio.srcs/sources_1/bd/Audio/Audio.bd> 
INFO: [BD 41-1029] Generation completed for the IP Integrator block processing_system7_0 .
INFO: [BD 41-1029] Generation completed for the IP Integrator block rst_processing_system7_0_100M .
INFO: [BD 41-1029] Generation completed for the IP Integrator block myip_0 .
INFO: [BD 41-1029] Generation completed for the IP Integrator block audio_zed_0 .
INFO: [BD 41-1029] Generation completed for the IP Integrator block xlconstant_0 .
INFO: [BD 41-1029] Generation completed for the IP Integrator block processing_system7_0_axi_periph/s00_couplers/auto_pc .
Exporting to file /home/INTRA/esmost/workspace/project/vivado/project_Audio/project_Audio.srcs/sources_1/bd/Audio/hw_handoff/Audio.hwh
Generated Block Design Tcl file /home/INTRA/esmost/workspace/project/vivado/project_Audio/project_Audio.srcs/sources_1/bd/Audio/hw_handoff/Audio_bd.tcl
Generated Hardware Definition File /home/INTRA/esmost/workspace/project/vivado/project_Audio/project_Audio.srcs/sources_1/bd/Audio/hdl/Audio.hwdef
export_ip_user_files -of_objects [get_files /home/INTRA/esmost/workspace/project/vivado/project_Audio/project_Audio.srcs/sources_1/bd/Audio/Audio.bd] -no_script -force -quiet
export_simulation -of_objects [get_files /home/INTRA/esmost/workspace/project/vivado/project_Audio/project_Audio.srcs/sources_1/bd/Audio/Audio.bd] -directory /home/INTRA/esmost/workspace/project/vivado/project_Audio/project_Audio.ip_user_files/sim_scripts -ip_user_files_dir /home/INTRA/esmost/workspace/project/vivado/project_Audio/project_Audio.ip_user_files -ipstatic_source_dir /home/INTRA/esmost/workspace/project/vivado/project_Audio/project_Audio.ip_user_files/ipstatic -force -quiet
INFO: [Vivado 12-4159] Implementation run is out of date. Exported hardware information may be inconsistent with respect to the current state of the design. It is recommended that you re-run implementation and re-generate bitstream before doing hardware export.
reset_run synth_1
launch_runs impl_1 -to_step write_bitstream -jobs 4
[Thu May 11 10:00:53 2017] Launched synth_1...
Run output will be captured here: /home/INTRA/esmost/workspace/project/vivado/project_Audio/project_Audio.runs/synth_1/runme.log
[Thu May 11 10:00:53 2017] Launched impl_1...
Run output will be captured here: /home/INTRA/esmost/workspace/project/vivado/project_Audio/project_Audio.runs/impl_1/runme.log
file copy -force /home/INTRA/esmost/workspace/project/vivado/project_Audio/project_Audio.runs/impl_1/Audio_wrapper.sysdef /home/INTRA/esmost/workspace/project/vivado/project_Audio/project_Audio.sdk/Audio_wrapper.hdf

launch_sdk -workspace /home/INTRA/esmost/workspace/project/vivado/project_Audio/project_Audio.sdk -hwspec /home/INTRA/esmost/workspace/project/vivado/project_Audio/project_Audio.sdk/Audio_wrapper.hdf
INFO: [Vivado 12-393] Launching SDK...
INFO: [Vivado 12-417] Running xsdk -workspace /home/INTRA/esmost/workspace/project/vivado/project_Audio/project_Audio.sdk -hwspec /home/INTRA/esmost/workspace/project/vivado/project_Audio/project_Audio.sdk/Audio_wrapper.hdf
INFO: [Vivado 12-3157] SDK launch initiated. Please check console for any further messages.
file copy -force /home/INTRA/esmost/workspace/project/vivado/project_Audio/project_Audio.runs/impl_1/Audio_wrapper.sysdef /home/INTRA/esmost/workspace/project/vivado/project_Audio/project_Audio.sdk/Audio_wrapper.hdf

launch_sdk -workspace /home/INTRA/esmost/workspace/project/vivado/project_Audio/project_Audio.sdk -hwspec /home/INTRA/esmost/workspace/project/vivado/project_Audio/project_Audio.sdk/Audio_wrapper.hdf
INFO: [Vivado 12-393] Launching SDK...
INFO: [Vivado 12-417] Running xsdk -workspace /home/INTRA/esmost/workspace/project/vivado/project_Audio/project_Audio.sdk -hwspec /home/INTRA/esmost/workspace/project/vivado/project_Audio/project_Audio.sdk/Audio_wrapper.hdf
INFO: [Vivado 12-3157] SDK launch initiated. Please check console for any further messages.
delete_bd_objs [get_bd_nets audio_zed_0_line_in_r]
delete_bd_objs [get_bd_nets audio_zed_0_line_in_l]
connect_bd_net [get_bd_pins myip_0/Audio_IP_output] [get_bd_pins audio_zed_0/hphone_l]
connect_bd_net [get_bd_pins audio_zed_0/hphone_r] [get_bd_pins audio_zed_0/hphone_l]
save_bd_design
Wrote  : </home/INTRA/esmost/workspace/project/vivado/project_Audio/project_Audio.srcs/sources_1/bd/Audio/Audio.bd> 
validate_bd_design
regenerate_bd_layout
save_bd_design
Wrote  : </home/INTRA/esmost/workspace/project/vivado/project_Audio/project_Audio.srcs/sources_1/bd/Audio/Audio.bd> 
reset_run synth_1
launch_runs impl_1 -to_step write_bitstream -jobs 4
INFO: [BD 41-1662] The design 'Audio.bd' is already validated. Therefore parameter propagation will not be re-run.
VHDL Output written to : /home/INTRA/esmost/workspace/project/vivado/project_Audio/project_Audio.srcs/sources_1/bd/Audio/hdl/Audio.vhd
VHDL Output written to : /home/INTRA/esmost/workspace/project/vivado/project_Audio/project_Audio.srcs/sources_1/bd/Audio/hdl/Audio_wrapper.vhd
Wrote  : </home/INTRA/esmost/workspace/project/vivado/project_Audio/project_Audio.srcs/sources_1/bd/Audio/Audio.bd> 
INFO: [BD 41-1029] Generation completed for the IP Integrator block processing_system7_0 .
INFO: [BD 41-1029] Generation completed for the IP Integrator block rst_processing_system7_0_100M .
INFO: [BD 41-1029] Generation completed for the IP Integrator block myip_0 .
INFO: [BD 41-1029] Generation completed for the IP Integrator block audio_zed_0 .
INFO: [BD 41-1029] Generation completed for the IP Integrator block xlconstant_0 .
INFO: [BD 41-1029] Generation completed for the IP Integrator block processing_system7_0_axi_periph/s00_couplers/auto_pc .
Exporting to file /home/INTRA/esmost/workspace/project/vivado/project_Audio/project_Audio.srcs/sources_1/bd/Audio/hw_handoff/Audio.hwh
Generated Block Design Tcl file /home/INTRA/esmost/workspace/project/vivado/project_Audio/project_Audio.srcs/sources_1/bd/Audio/hw_handoff/Audio_bd.tcl
Generated Hardware Definition File /home/INTRA/esmost/workspace/project/vivado/project_Audio/project_Audio.srcs/sources_1/bd/Audio/hdl/Audio.hwdef
[Thu May 11 10:39:48 2017] Launched synth_1...
Run output will be captured here: /home/INTRA/esmost/workspace/project/vivado/project_Audio/project_Audio.runs/synth_1/runme.log
[Thu May 11 10:39:48 2017] Launched impl_1...
Run output will be captured here: /home/INTRA/esmost/workspace/project/vivado/project_Audio/project_Audio.runs/impl_1/runme.log
file copy -force /home/INTRA/esmost/workspace/project/vivado/project_Audio/project_Audio.runs/impl_1/Audio_wrapper.sysdef /home/INTRA/esmost/workspace/project/vivado/project_Audio/project_Audio.sdk/Audio_wrapper.hdf

launch_sdk -workspace /home/INTRA/esmost/workspace/project/vivado/project_Audio/project_Audio.sdk -hwspec /home/INTRA/esmost/workspace/project/vivado/project_Audio/project_Audio.sdk/Audio_wrapper.hdf
INFO: [Vivado 12-393] Launching SDK...
INFO: [Vivado 12-417] Running xsdk -workspace /home/INTRA/esmost/workspace/project/vivado/project_Audio/project_Audio.sdk -hwspec /home/INTRA/esmost/workspace/project/vivado/project_Audio/project_Audio.sdk/Audio_wrapper.hdf
INFO: [Vivado 12-3157] SDK launch initiated. Please check console for any further messages.
launch_sdk -workspace /home/INTRA/esmost/workspace/project/vivado/project_Audio/project_Audio.sdk -hwspec /home/INTRA/esmost/workspace/project/vivado/project_Audio/project_Audio.sdk/Audio_wrapper.hdf
INFO: [Vivado 12-393] Launching SDK...
INFO: [Vivado 12-417] Running xsdk -workspace /home/INTRA/esmost/workspace/project/vivado/project_Audio/project_Audio.sdk -hwspec /home/INTRA/esmost/workspace/project/vivado/project_Audio/project_Audio.sdk/Audio_wrapper.hdf
INFO: [Vivado 12-3157] SDK launch initiated. Please check console for any further messages.
exit
INFO: [Common 17-206] Exiting Vivado at Thu May 11 11:45:34 2017...
